<?xml version="1.0" encoding="UTF-8"?>
<!-- Generated by org.testng.reporters.JUnitXMLReporter -->
<testsuite ignored="0" hostname="BLR-STR-GAUTHAM" failures="0" tests="3" name="Default test" time="8.901" errors="0" timestamp="2022-04-02T20:27:49 IST">
  <testcase classname="com.Selenium.datap.Testcase" name="login" time="0.275"/>
  <testcase classname="com.Selenium.datap.Testcase" name="login" time="0.172"/>
  <testcase classname="com.Selenium.datap.Testcase" name="login" time="0.253"/>
</testsuite> <!-- Default test -->
