<?xml version="1.0" encoding="UTF-8"?>
<testng-results ignored="0" total="1" passed="1" failed="0" skipped="0">
  <reporter-output>
  </reporter-output>
  <suite started-at="2022-04-30T07:03:25 IST" name="Default suite" finished-at="2022-04-30T07:03:28 IST" duration-ms="3111">
    <groups>
    </groups>
    <test started-at="2022-04-30T07:03:25 IST" name="Default test" finished-at="2022-04-30T07:03:28 IST" duration-ms="3111">
      <class name="com.RestAssured.Postrequest">
        <test-method signature="postMethodcall()[pri:0, instance:com.RestAssured.Postrequest@2805c96b]" started-at="2022-04-30T07:03:25 IST" name="postMethodcall" finished-at="2022-04-30T07:03:28 IST" duration-ms="3073" status="PASS">
          <reporter-output>
          </reporter-output>
        </test-method> <!-- postMethodcall -->
      </class> <!-- com.RestAssured.Postrequest -->
    </test> <!-- Default test -->
  </suite> <!-- Default suite -->
</testng-results>
