<?xml version="1.0" encoding="UTF-8"?>
<testng-results ignored="0" total="1" passed="1" failed="0" skipped="0">
  <reporter-output>
  </reporter-output>
  <suite started-at="2022-04-18T17:45:20 IST" name="Default suite" finished-at="2022-04-18T17:45:31 IST" duration-ms="10156">
    <groups>
    </groups>
    <test started-at="2022-04-18T17:45:20 IST" name="Default test" finished-at="2022-04-18T17:45:31 IST" duration-ms="10156">
      <class name="testscripts.TC1">
        <test-method is-config="true" signature="report()[pri:0, instance:testscripts.TC1@27462a88]" started-at="2022-04-18T17:45:20 IST" name="report" finished-at="2022-04-18T17:45:21 IST" duration-ms="149" status="PASS">
          <reporter-output>
          </reporter-output>
        </test-method> <!-- report -->
        <test-method is-config="true" signature="beforeClass()[pri:0, instance:testscripts.TC1@27462a88]" started-at="2022-04-18T17:45:21 IST" name="beforeClass" finished-at="2022-04-18T17:45:24 IST" duration-ms="3745" status="PASS">
          <reporter-output>
          </reporter-output>
        </test-method> <!-- beforeClass -->
        <test-method is-config="true" signature="method(java.lang.reflect.Method)[pri:0, instance:testscripts.TC1@27462a88]" started-at="2022-04-18T17:45:24 IST" name="method" finished-at="2022-04-18T17:45:24 IST" duration-ms="4" status="PASS">
          <params>
            <param index="0">
              <value>
                <![CDATA[public void testscripts.TC1.fLoginTC()]]>
              </value>
            </param>
          </params>
          <reporter-output>
          </reporter-output>
        </test-method> <!-- method -->
        <test-method signature="fLoginTC()[pri:0, instance:testscripts.TC1@27462a88]" started-at="2022-04-18T17:45:24 IST" name="fLoginTC" finished-at="2022-04-18T17:45:30 IST" duration-ms="5911" status="PASS">
          <reporter-output>
          </reporter-output>
        </test-method> <!-- fLoginTC -->
        <test-method is-config="true" signature="afterClass()[pri:0, instance:testscripts.TC1@27462a88]" started-at="2022-04-18T17:45:30 IST" name="afterClass" finished-at="2022-04-18T17:45:31 IST" duration-ms="308" status="PASS">
          <reporter-output>
          </reporter-output>
        </test-method> <!-- afterClass -->
      </class> <!-- testscripts.TC1 -->
    </test> <!-- Default test -->
  </suite> <!-- Default suite -->
</testng-results>
